0 info it worked if it ends with ok
1 verbose cli [ 'C:\\Program Files\\nodejs\\node.exe',
1 verbose cli   'C:\\Program Files\\nodejs\\node_modules\\npm\\bin\\npm-cli.js',
1 verbose cli   'run',
1 verbose cli   'open:src' ]
2 info using npm@4.1.2
3 info using node@v7.7.0
4 verbose run-script [ 'preopen:src', 'open:src', 'postopen:src' ]
5 info lifecycle building_js_env@1.0.0~preopen:src: building_js_env@1.0.0
6 silly lifecycle building_js_env@1.0.0~preopen:src: no script for preopen:src, continuing
7 info lifecycle building_js_env@1.0.0~open:src: building_js_env@1.0.0
8 verbose lifecycle building_js_env@1.0.0~open:src: unsafe-perm in lifecycle true
9 verbose lifecycle building_js_env@1.0.0~open:src: PATH: C:\Program Files\nodejs\node_modules\npm\bin\node-gyp-bin;D:\Developing\tutorials\1.pure_js\building_js_env\node_modules\.bin;D:\Developing\tutorials\1.pure_js\building_js_env\node_modules\.bin;C:\Users\tutei\AppData\Local\Yarn\config\link\node_modules\.bin;D:\Developing\tutorials\1.pure_js\building_js_env\node_modules\.bin;C:\Users\tutei\AppData\Local\Yarn\config\link\node_modules\.bin;C:\Users\tutei\AppData\Roaming\npm\node_modules\yarn\bin\node-gyp-bin;C:\WINDOWS\system32;C:\WINDOWS;C:\WINDOWS\System32\Wbem;C:\WINDOWS\System32\WindowsPowerShell\v1.0\;C:\Program Files\nodejs\;C:\Program Files\Git\cmd;C:\Ruby23\bin;C:\Users\tutei\AppData\Local\Microsoft\WindowsApps;C:\Users\tutei\AppData\Roaming\npm;C:\Users\tutei\AppData\Local\atom\bin;C:\Program Files (x86)\Microsoft VS Code\bin;C:\Program Files (x86)\Heroku\bin
10 verbose lifecycle building_js_env@1.0.0~open:src: CWD: D:\Developing\tutorials\1.pure_js\building_js_env
11 silly lifecycle building_js_env@1.0.0~open:src: Args: [ '/d /s /c', 'babel-node ./buildScripts/srcServer.js' ]
12 silly lifecycle building_js_env@1.0.0~open:src: Returned: code: 3221225786  signal: null
13 info lifecycle building_js_env@1.0.0~open:src: Failed to exec open:src script
14 verbose stack Error: building_js_env@1.0.0 open:src: `babel-node ./buildScripts/srcServer.js`
14 verbose stack Exit status 3221225786
14 verbose stack     at EventEmitter.<anonymous> (C:\Program Files\nodejs\node_modules\npm\lib\utils\lifecycle.js:279:16)
14 verbose stack     at emitTwo (events.js:106:13)
14 verbose stack     at EventEmitter.emit (events.js:194:7)
14 verbose stack     at ChildProcess.<anonymous> (C:\Program Files\nodejs\node_modules\npm\lib\utils\spawn.js:40:14)
14 verbose stack     at emitTwo (events.js:106:13)
14 verbose stack     at ChildProcess.emit (events.js:194:7)
14 verbose stack     at maybeClose (internal/child_process.js:899:16)
14 verbose stack     at Process.ChildProcess._handle.onexit (internal/child_process.js:226:5)
15 verbose pkgid building_js_env@1.0.0
16 verbose cwd D:\Developing\tutorials\1.pure_js\building_js_env
17 error Windows_NT 10.0.14393
18 error argv "C:\\Program Files\\nodejs\\node.exe" "C:\\Program Files\\nodejs\\node_modules\\npm\\bin\\npm-cli.js" "run" "open:src"
19 error node v7.7.0
20 error npm  v4.1.2
21 error code ELIFECYCLE
22 error building_js_env@1.0.0 open:src: `babel-node ./buildScripts/srcServer.js`
22 error Exit status 3221225786
23 error Failed at the building_js_env@1.0.0 open:src script 'babel-node ./buildScripts/srcServer.js'.
23 error Make sure you have the latest version of node.js and npm installed.
23 error If you do, this is most likely a problem with the building_js_env package,
23 error not with npm itself.
23 error Tell the author that this fails on your system:
23 error     babel-node ./buildScripts/srcServer.js
23 error You can get information on how to open an issue for this project with:
23 error     npm bugs building_js_env
23 error Or if that isn't available, you can get their info via:
23 error     npm owner ls building_js_env
23 error There is likely additional logging output above.
24 verbose exit [ 1, true ]
